<?xml version="1.0" encoding="UTF-8"?>
<testsuite name="com.seungminyi95.hangman.HangmanApplicationTests" tests="1" skipped="0" failures="0" errors="0" timestamp="2022-12-20T09:37:15" hostname="192.168.nate.com" time="0.169">
  <properties/>
  <testcase name="contextLoads()" classname="com.seungminyi95.hangman.HangmanApplicationTests" time="0.169"/>
  <system-out><![CDATA[18:37:14.518 [Test worker] DEBUG org.springframework.test.context.BootstrapUtils - Instantiating CacheAwareContextLoaderDelegate from class [org.springframework.test.context.cache.DefaultCacheAwareContextLoaderDelegate]
18:37:14.525 [Test worker] DEBUG org.springframework.test.context.BootstrapUtils - Instantiating BootstrapContext using constructor [public org.springframework.test.context.support.DefaultBootstrapContext(java.lang.Class,org.springframework.test.context.CacheAwareContextLoaderDelegate)]
18:37:14.545 [Test worker] DEBUG org.springframework.test.context.BootstrapUtils - Instantiating TestContextBootstrapper for test class [com.seungminyi95.hangman.HangmanApplicationTests] from class [org.springframework.boot.test.context.SpringBootTestContextBootstrapper]
18:37:14.552 [Test worker] INFO org.springframework.boot.test.context.SpringBootTestContextBootstrapper - Neither @ContextConfiguration nor @ContextHierarchy found for test class [com.seungminyi95.hangman.HangmanApplicationTests], using SpringBootContextLoader
18:37:14.554 [Test worker] DEBUG org.springframework.test.context.support.AbstractContextLoader - Did not detect default resource location for test class [com.seungminyi95.hangman.HangmanApplicationTests]: class path resource [com/seungminyi95/hangman/HangmanApplicationTests-context.xml] does not exist
18:37:14.554 [Test worker] DEBUG org.springframework.test.context.support.AbstractContextLoader - Did not detect default resource location for test class [com.seungminyi95.hangman.HangmanApplicationTests]: class path resource [com/seungminyi95/hangman/HangmanApplicationTestsContext.groovy] does not exist
18:37:14.554 [Test worker] INFO org.springframework.test.context.support.AbstractContextLoader - Could not detect default resource locations for test class [com.seungminyi95.hangman.HangmanApplicationTests]: no resource found for suffixes {-context.xml, Context.groovy}.
18:37:14.555 [Test worker] INFO org.springframework.test.context.support.AnnotationConfigContextLoaderUtils - Could not detect default configuration classes for test class [com.seungminyi95.hangman.HangmanApplicationTests]: HangmanApplicationTests does not declare any static, non-private, non-final, nested classes annotated with @Configuration.
18:37:14.578 [Test worker] DEBUG org.springframework.test.context.support.ActiveProfilesUtils - Could not find an 'annotation declaring class' for annotation type [org.springframework.test.context.ActiveProfiles] and class [com.seungminyi95.hangman.HangmanApplicationTests]
18:37:14.615 [Test worker] DEBUG org.springframework.context.annotation.ClassPathScanningCandidateComponentProvider - Identified candidate component class: file [/Users/wjsgus95/git-repository/hangman/build/classes/java/main/com/seungminyi95/hangman/HangmanApplication.class]
18:37:14.615 [Test worker] INFO org.springframework.boot.test.context.SpringBootTestContextBootstrapper - Found @SpringBootConfiguration com.seungminyi95.hangman.HangmanApplication for test class com.seungminyi95.hangman.HangmanApplicationTests
18:37:14.676 [Test worker] DEBUG org.springframework.boot.test.context.SpringBootTestContextBootstrapper - @TestExecutionListeners is not present for class [com.seungminyi95.hangman.HangmanApplicationTests]: using defaults.
18:37:14.676 [Test worker] INFO org.springframework.boot.test.context.SpringBootTestContextBootstrapper - Loaded default TestExecutionListener class names from location [META-INF/spring.factories]: [org.springframework.boot.test.autoconfigure.restdocs.RestDocsTestExecutionListener, org.springframework.boot.test.autoconfigure.web.client.MockRestServiceServerResetTestExecutionListener, org.springframework.boot.test.autoconfigure.web.servlet.MockMvcPrintOnlyOnFailureTestExecutionListener, org.springframework.boot.test.autoconfigure.web.servlet.WebDriverTestExecutionListener, org.springframework.boot.test.autoconfigure.webservices.client.MockWebServiceServerTestExecutionListener, org.springframework.boot.test.mock.mockito.MockitoTestExecutionListener, org.springframework.boot.test.mock.mockito.ResetMocksTestExecutionListener, org.springframework.test.context.web.ServletTestExecutionListener, org.springframework.test.context.support.DirtiesContextBeforeModesTestExecutionListener, org.springframework.test.context.event.ApplicationEventsTestExecutionListener, org.springframework.test.context.support.DependencyInjectionTestExecutionListener, org.springframework.test.context.support.DirtiesContextTestExecutionListener, org.springframework.test.context.transaction.TransactionalTestExecutionListener, org.springframework.test.context.jdbc.SqlScriptsTestExecutionListener, org.springframework.test.context.event.EventPublishingTestExecutionListener]
18:37:14.682 [Test worker] DEBUG org.springframework.boot.test.context.SpringBootTestContextBootstrapper - Skipping candidate TestExecutionListener [org.springframework.test.context.transaction.TransactionalTestExecutionListener] due to a missing dependency. Specify custom listener classes or make the default listener classes and their required dependencies available. Offending class: [org/springframework/transaction/interceptor/TransactionAttributeSource]
18:37:14.682 [Test worker] DEBUG org.springframework.boot.test.context.SpringBootTestContextBootstrapper - Skipping candidate TestExecutionListener [org.springframework.test.context.jdbc.SqlScriptsTestExecutionListener] due to a missing dependency. Specify custom listener classes or make the default listener classes and their required dependencies available. Offending class: [org/springframework/transaction/interceptor/TransactionAttribute]
18:37:14.682 [Test worker] INFO org.springframework.boot.test.context.SpringBootTestContextBootstrapper - Using TestExecutionListeners: [org.springframework.test.context.web.ServletTestExecutionListener@58ce9668, org.springframework.test.context.support.DirtiesContextBeforeModesTestExecutionListener@172b013, org.springframework.test.context.event.ApplicationEventsTestExecutionListener@56673b2c, org.springframework.boot.test.mock.mockito.MockitoTestExecutionListener@2796aeae, org.springframework.boot.test.autoconfigure.SpringBootDependencyInjectionTestExecutionListener@b4711e2, org.springframework.test.context.support.DirtiesContextTestExecutionListener@1fa1cab1, org.springframework.test.context.event.EventPublishingTestExecutionListener@70f02c32, org.springframework.boot.test.autoconfigure.restdocs.RestDocsTestExecutionListener@62010f5c, org.springframework.boot.test.autoconfigure.web.client.MockRestServiceServerResetTestExecutionListener@51fadaff, org.springframework.boot.test.autoconfigure.web.servlet.MockMvcPrintOnlyOnFailureTestExecutionListener@401f7633, org.springframework.boot.test.autoconfigure.web.servlet.WebDriverTestExecutionListener@31ff43be, org.springframework.boot.test.autoconfigure.webservices.client.MockWebServiceServerTestExecutionListener@5b6ec132, org.springframework.boot.test.mock.mockito.ResetMocksTestExecutionListener@5c44c582]
18:37:14.685 [Test worker] DEBUG org.springframework.test.context.support.AbstractDirtiesContextTestExecutionListener - Before test class: context [DefaultTestContext@492691d7 testClass = HangmanApplicationTests, testInstance = [null], testMethod = [null], testException = [null], mergedContextConfiguration = [WebMergedContextConfiguration@27216cd testClass = HangmanApplicationTests, locations = '{}', classes = '{class com.seungminyi95.hangman.HangmanApplication}', contextInitializerClasses = '[]', activeProfiles = '{}', propertySourceLocations = '{}', propertySourceProperties = '{org.springframework.boot.test.context.SpringBootTestContextBootstrapper=true}', contextCustomizers = set[org.springframework.boot.test.autoconfigure.actuate.metrics.MetricsExportContextCustomizerFactory$DisableMetricExportContextCustomizer@6892b3b6, org.springframework.boot.test.autoconfigure.properties.PropertyMappingContextCustomizer@0, org.springframework.boot.test.autoconfigure.web.servlet.WebDriverContextCustomizerFactory$Customizer@543295b0, org.springframework.boot.test.context.filter.ExcludeFilterContextCustomizer@3b0fe47a, org.springframework.boot.test.json.DuplicateJsonObjectContextCustomizerFactory$DuplicateJsonObjectContextCustomizer@2034b64c, org.springframework.boot.test.mock.mockito.MockitoContextCustomizer@0, org.springframework.boot.test.web.client.TestRestTemplateContextCustomizer@4b29d1d2, org.springframework.boot.test.context.SpringBootTestArgs@1, org.springframework.boot.test.context.SpringBootTestWebEnvironment@79ad8b2f], resourceBasePath = 'src/main/webapp', contextLoader = 'org.springframework.boot.test.context.SpringBootContextLoader', parent = [null]], attributes = map['org.springframework.test.context.web.ServletTestExecutionListener.activateListener' -> true]], class annotated with @DirtiesContext [false] with mode [null].

  .   ____          _            __ _ _
 /\\ / ___'_ __ _ _(_)_ __  __ _ \ \ \ \
( ( )\___ | '_ | '_| | '_ \/ _` | \ \ \ \
 \\/  ___)| |_)| | | | | || (_| |  ) ) ) )
  '  |____| .__|_| |_|_| |_\__, | / / / /
 =========|_|==============|___/=/_/_/_/
 :: Spring Boot ::                (v2.7.6)

2022-12-20 18:37:14.912  INFO 7460 --- [    Test worker] c.s.hangman.HangmanApplicationTests      : Starting HangmanApplicationTests using Java 1.8.0_352 on 192.168.nate.com with PID 7460 (started by wjsgus95 in /Users/wjsgus95/git-repository/hangman)
2022-12-20 18:37:14.912  INFO 7460 --- [    Test worker] c.s.hangman.HangmanApplicationTests      : No active profile set, falling back to 1 default profile: "default"
2022-12-20 18:37:15.693  INFO 7460 --- [    Test worker] c.s.hangman.HangmanApplicationTests      : Started HangmanApplicationTests in 0.988 seconds (JVM running for 1.664)
]]></system-out>
  <system-err><![CDATA[]]></system-err>
</testsuite>
